Godot Engine v4.6.2.stable.official.71f334935 - https://godotengine.org

McpBridge: Listening on UDP port 9900
[Settings] loaded from user://settings.cfg
[TimeScale] test fast-forward 10x
[FXPool] ready — 8 bursts, 4 decals
[ENV] Sun created: energy=1.79999995231628 shadow=true mode=ORTHOGONAL ambient=0.31999999284744
[COURT] SHOW_DEBUG_ZONES=true
[DEBUG_ZONES] half_length=6.7 half_width=3.05 nz=2.134
[DEBUG_ZONES] service_depth=4.566 service_box_center_z=4.417
[COURT] Debug zones created!
[PlayerBodyBuilder] Skeleton created with 19 bones
[PlayerBodyBuilder] Skeleton created with 19 bones
[BOS] reset by set_ai_movement_enabled(false)
[STATE] WAITING -> SERVING

══════════════════════════════════════════════════════
  BALL PHYSICS PROBE — press 4 again to re-measure
══════════════════════════════════════════════════════
  Initial pos  : (2.27, 0.98, -2.54)
  Initial vel  : (-1.95, 3.13, 6.10)  |v|=7.13 m/s  |v_h|=6.41 m/s
  Initial spin : (-12.48, 0.00, -4.00)  |ω|=13.10 rad/s  (BACKSPIN (13.1))

  ─── Config snapshot ──────────────────────────────
  Mass            : 0.0240 kg    (USAPA: 0.0221–0.0265)  ✓
  Radius          : 0.0375 m     (USAPA: 0.0365–0.0378)  ✓
  BOUNCE_COR      : velocity-dependent  (GAP-21: 0.78 @ 3 m/s → 0.56 @ 18 m/s)
                     ball.cor_for_impact_speed(v) = lerp(0.78, 0.56, clamp((v-3)/15, 0, 1))
  PhysMat bounce  : 1.000        (not used — manual bounce in ball.gd)
  Gravity scale   : 1.00        → effective g = 9.81 m/s² (real: 9.81)
  DRAG_COEFFICIENT: 0.470        (Lindsey 2025: outdoor=0.33, indoor=0.45)
  MAGNUS_COEFF    : 0.00030      (real tennis ball ~1.2e-4)
  SPIN_DAMP halfl : 150.00 s
  SPIN_BOUNCE_XFR : 0.250
  AERO_EFFECT_SCL : 0.79        (0=off, 1=full real)

  ─── Godot built-in damping (should be 0 to let aero code own it)
  linear_damp : 0.000  ✓
  angular_damp: 0.000  ✓

  ─── Real-pickleball expected values (HORIZONTAL) ─
  Real-ball horizontal decel @ launch: 1.73 m/s²  (v_h=6.4, v_tot=7.1)
  Game-ball horizontal decel @ launch: 1.91 m/s²  (cross-section 0.98× real)
  Expected COR at impact: will compute when bounce hits
  Expected topspin curl (Magnus): subtle downward bias during flight

  ─── Live trajectory samples ──────────────────────
[HitFeedback] setup — ball=true rig=true fxpool=true
[BallTrail] ready (ribbon)
  [t=0.17] h=0.87 |v|=6.78 (-1.84,3.11,5.74)  |ω|=13.1
[TRACK P0] incoming=true toward=5.7 traj_pts=38 pos=(1.5,1.0,6.8) spd=0.0 dir=(0.00,-1.00)
[DEBUG] visuals OFF
[TRAJ] 34 pts | player=(1.5,1.0,6.8) paddle=(2.0,1.0,6.4) dir=(0.00,-1.00)
  d=8.0 pos=(1.83,1.32,-1.15) paddle=7.56 ghost=FH(7.97)
  d=7.7 pos=(1.76,1.33,-0.94) paddle=7.35 ghost=FH(7.75)
  d=7.1 pos=(1.55,1.28,-0.29) paddle=6.71 ghost=FH(7.10)
  d=6.7 pos=(1.41,1.18,0.13) paddle=6.30 ghost=FH(6.67)
  d=6.1 pos=(1.22,0.92,0.75) paddle=5.71 ghost=FH(6.06)
  d=5.7 pos=(1.09,0.68,1.15) paddle=5.34 ghost=FH(5.67)
  d=5.1 pos=(0.90,0.22,1.75) paddle=4.85 ghost=FH(5.15)
  d=4.6 pos=(0.74,0.33,2.24) paddle=4.40 ghost=FH(4.67)
  d=4.2 pos=(0.60,0.55,2.68) paddle=4.00 ghost=FH(4.24)
  d=3.7 pos=(0.41,0.62,3.26) paddle=3.54 ghost=FH(3.72)
  d=3.2 pos=(0.23,0.45,3.82) paddle=3.18 ghost=FH(3.29)
[MOVE P0] pos=(1.5,6.8) ball_d=8.4 paddle_d=8.0 spd=0.0 pose=RDY
[BallTrail] first rebuild n=2 head=(1.96782, 1.219779, -1.598425)
  [t=0.50] h=1.08 |v|=5.34 (-1.63,-0.06,5.08)  |ω|=12.6
  [t=0.83] h=0.27 |v|=5.66 (-1.48,-2.91,4.62)  |ω|=12.2

  ▼ FIRST BOUNCE at t=0.833 s
    pos=(0.92, 0.11, 1.67)
    v_in  (pre) : (-1.48,-2.91,4.62)  |v|=5.66
[FXPool] spawn_burst at (0.92214, 0.102, 1.666009) color=(0.4, 0.9, 1.0, 1.0) strength=0.70
    v_out (post): (-1.11,3.20,3.46)  |v|=4.84
    ω_in  : 12.19 rad/s   ω_out: 9.14 rad/s   Δ=-3.05
[COMMIT P0] FIRST d=4.6 -> LWB g2c=1.78 contact=(-0.0,0.1,4.7) pos=(1.5,6.8) spd=0.0
[COLOR P0] PINK LWB ttc=0.80 d=4.6 ball2ghost=4.10 traj_pts=21 pos=(1.5,6.8)
[COLOR P0] PURPLE LWB ttc=0.56 d=4.1 ball2ghost=3.56 traj_pts=15 pos=(1.5,6.8)
